<?xml version="1.0" encoding="UTF-8"?>
<testng-results ignored="0" total="1" passed="1" failed="0" skipped="0">
  <reporter-output>
  </reporter-output>
  <suite started-at="2021-03-12T06:57:14Z" name="Default suite" finished-at="2021-03-12T06:57:37Z" duration-ms="22570">
    <groups>
    </groups>
    <test started-at="2021-03-12T06:57:14Z" name="Default test" finished-at="2021-03-12T06:57:37Z" duration-ms="22570">
      <class name="Ecommerce.Ecommerce.Homepage">
        <test-method is-config="true" signature="setup()[pri:0, instance:Ecommerce.Ecommerce.Homepage@27d5a580]" started-at="2021-03-12T06:57:14Z" name="setup" finished-at="2021-03-12T06:57:21Z" duration-ms="6938" status="PASS">
          <reporter-output>
          </reporter-output>
        </test-method> <!-- setup -->
        <test-method signature="Verify_Add_Item_To_Cart()[pri:1, instance:Ecommerce.Ecommerce.Homepage@27d5a580]" started-at="2021-03-12T06:57:21Z" name="Verify_Add_Item_To_Cart" finished-at="2021-03-12T06:57:35Z" duration-ms="14084" status="PASS">
          <reporter-output>
          </reporter-output>
        </test-method> <!-- Verify_Add_Item_To_Cart -->
        <test-method is-config="true" signature="close()[pri:0, instance:Ecommerce.Ecommerce.Homepage@27d5a580]" started-at="2021-03-12T06:57:35Z" name="close" finished-at="2021-03-12T06:57:37Z" duration-ms="1517" status="PASS">
          <reporter-output>
          </reporter-output>
        </test-method> <!-- close -->
      </class> <!-- Ecommerce.Ecommerce.Homepage -->
    </test> <!-- Default test -->
  </suite> <!-- Default suite -->
</testng-results>
